c:\github_repos\ettusb210-interface\binaries\intermediates\x64\release\vc143.pdb
c:\github_repos\ettusb210-interface\binaries\intermediates\x64\release\ostream_wrapper.obj
c:\github_repos\ettusb210-interface\binaries\intermediates\x64\release\null.obj
c:\github_repos\ettusb210-interface\binaries\intermediates\x64\release\node_data.obj
c:\github_repos\ettusb210-interface\binaries\intermediates\x64\release\nodeevents.obj
c:\github_repos\ettusb210-interface\binaries\intermediates\x64\release\nodebuilder.obj
c:\github_repos\ettusb210-interface\binaries\intermediates\x64\release\node.obj
c:\github_repos\ettusb210-interface\binaries\intermediates\x64\release\memory.obj
c:\github_repos\ettusb210-interface\binaries\intermediates\x64\release\exp.obj
c:\github_repos\ettusb210-interface\binaries\intermediates\x64\release\exceptions.obj
c:\github_repos\ettusb210-interface\binaries\intermediates\x64\release\emitterutils.obj
c:\github_repos\ettusb210-interface\binaries\intermediates\x64\release\emitterstate.obj
c:\github_repos\ettusb210-interface\binaries\intermediates\x64\release\emitter.obj
c:\github_repos\ettusb210-interface\binaries\intermediates\x64\release\emitfromevents.obj
c:\github_repos\ettusb210-interface\binaries\intermediates\x64\release\emit.obj
c:\github_repos\ettusb210-interface\binaries\intermediates\x64\release\directives.obj
c:\github_repos\ettusb210-interface\binaries\intermediates\x64\release\depthguard.obj
c:\github_repos\ettusb210-interface\binaries\intermediates\x64\release\convert.obj
c:\github_repos\ettusb210-interface\binaries\intermediates\x64\release\graphbuilderadapter.obj
c:\github_repos\ettusb210-interface\binaries\intermediates\x64\release\graphbuilder.obj
c:\github_repos\ettusb210-interface\binaries\intermediates\x64\release\binary.obj
c:\github_repos\ettusb210-interface\binaries\intermediates\x64\release\waveforms.obj
c:\github_repos\ettusb210-interface\binaries\intermediates\x64\release\main.obj
c:\github_repos\ettusb210-interface\binaries\intermediates\x64\release\interfaceyaml.obj
c:\github_repos\ettusb210-interface\binaries\intermediates\x64\release\interfacewaveform.obj
c:\github_repos\ettusb210-interface\binaries\intermediates\x64\release\interfacestreaming.obj
c:\github_repos\ettusb210-interface\binaries\intermediates\x64\release\interfacesettings.obj
c:\github_repos\ettusb210-interface\binaries\intermediates\x64\release\interfacefiles.obj
c:\github_repos\ettusb210-interface\binaries\intermediates\x64\release\interface.obj
c:\github_repos\ettusb210-interface\binaries\intermediates\x64\release\tag.obj
c:\github_repos\ettusb210-interface\binaries\intermediates\x64\release\stream.obj
c:\github_repos\ettusb210-interface\binaries\intermediates\x64\release\singledocparser.obj
c:\github_repos\ettusb210-interface\binaries\intermediates\x64\release\simplekey.obj
c:\github_repos\ettusb210-interface\binaries\intermediates\x64\release\scantoken.obj
c:\github_repos\ettusb210-interface\binaries\intermediates\x64\release\scantag.obj
c:\github_repos\ettusb210-interface\binaries\intermediates\x64\release\scanscalar.obj
c:\github_repos\ettusb210-interface\binaries\intermediates\x64\release\scanner.obj
c:\github_repos\ettusb210-interface\binaries\intermediates\x64\release\regex_yaml.obj
c:\github_repos\ettusb210-interface\binaries\intermediates\x64\release\parser.obj
c:\github_repos\ettusb210-interface\binaries\intermediates\x64\release\parse.obj
c:\github_repos\ettusb210-interface\binaries\intermediates\x64\release\ettusb210-interface.res
c:\github_repos\ettusb210-interface\binaries\intermediates\x64\release\ettusb210-interface.ipdb
c:\github_repos\ettusb210-interface\binaries\intermediates\x64\release\ettusb210-interface.iobj
c:\github_repos\ettusb210-interface\binaries\executables\x64\release\ettusb210-interface.pdb
c:\github_repos\ettusb210-interface\binaries\executables\x64\release\ettusb210-interface.exe
c:\github_repos\ettusb210-interface\binaries\intermediates\x64\release\ettusb210-interface.vcxproj.filelistabsolute.txt
c:\github_repos\ettusb210-interface\binaries\intermediates\x64\release\ettusb21.e13fd196.tlog\cl.command.1.tlog
c:\github_repos\ettusb210-interface\binaries\intermediates\x64\release\ettusb21.e13fd196.tlog\cl.read.1.tlog
c:\github_repos\ettusb210-interface\binaries\intermediates\x64\release\ettusb21.e13fd196.tlog\cl.write.1.tlog
c:\github_repos\ettusb210-interface\binaries\intermediates\x64\release\ettusb21.e13fd196.tlog\link.command.1.tlog
c:\github_repos\ettusb210-interface\binaries\intermediates\x64\release\ettusb21.e13fd196.tlog\link.read.1.tlog
c:\github_repos\ettusb210-interface\binaries\intermediates\x64\release\ettusb21.e13fd196.tlog\link.write.1.tlog
c:\github_repos\ettusb210-interface\binaries\intermediates\x64\release\ettusb21.e13fd196.tlog\rc.command.1.tlog
c:\github_repos\ettusb210-interface\binaries\intermediates\x64\release\ettusb21.e13fd196.tlog\rc.read.1.tlog
c:\github_repos\ettusb210-interface\binaries\intermediates\x64\release\ettusb21.e13fd196.tlog\rc.write.1.tlog
